make.exe all --print-data-base --no-builtin-variables --no-builtin-rules --question
# GNU Make 4.3
# Built for x86_64-pc-msys
# Copyright (C) 1988-2020 Free Software Foundation, Inc.
# License GPLv3+: GNU GPL version 3 or later <http://gnu.org/licenses/gpl.html>
# This is free software: you are free to change and redistribute it.
# There is NO WARRANTY, to the extent permitted by law.
 

# Make data base, printed on Sun Oct 31 18:45:08 2021

# Variables
 

# environment
SYSTEMDRIVE = C:
# makefile (from 'Makefile', line 11)
OBJ = ${SRC:.cpp=.o}
# environment
LC_ALL = C
# makefile (from 'Makefile', line 1)
SRC = src/main.cpp src/RenderWindow.cpp src/TileMap.cpp src/Player.cpp src/EventWindow.cpp src/tools.cpp src/PickMap.cpp src/Pickable.cpp src/init.cpp src/EntityManager.cpp
# environment
USERPROFILE = C:\Users\thimo
# environment
LOCALAPPDATA = C:\Users\thimo\AppData\Local
# environment
VSCODE_IPC_HOOK_EXTHOST = \\.\pipe\vscode-ipc-33997633-e5a2-4670-a949-6946714862fc-sock
# environment
VSCODE_CWD = C:\Users\thimo\OneDrive\Desktop\C++DEV\SDLgame
# environment
SYSTEMROOT = C:\WINDOWS
# environment
PROCESSOR_LEVEL = 6
# environment
PSMODULEPATH = C:\Program Files\WindowsPowerShell\Modules;C:\WINDOWS\system32\WindowsPowerShell\v1.0\Modules
# default
MAKE_COMMAND := make
# automatic
@D = $(patsubst %/,%,$(dir $@))
# environment
CHROME_CRASHPAD_PIPE_NAME = \\.\pipe\crashpad_91508_OGMKRHRRUKKVUDMM
# environment
VSCODE_HANDLES_UNCAUGHT_ERRORS = true
# default
.VARIABLES := 
# automatic
%D = $(patsubst %/,%,$(dir $%))
# automatic
^D = $(patsubst %/,%,$(dir $^))
# environment
VSCODE_LOG_STACK = false
# automatic
%F = $(notdir $%)
# environment
VSCODE_CODE_CACHE_PATH = C:\Users\thimo\AppData\Roaming\Code\CachedData\6cba118ac49a1b88332f312a8f67186f7f3c1643
# environment
LANG = C
# default
.LOADED := 
# environment
TMP = /c/Users/thimo/AppData/Local/Temp
# default
.INCLUDE_DIRS = /usr/include /usr/include
# makefile
MAKEFLAGS = pqrR
# environment
ONEDRIVE = C:\Users\thimo\OneDrive
# makefile
CURDIR := /c/Users/thimo/OneDrive/Desktop/C++DEV/SDLgame
# environment
VSCODE_PIPE_LOGGING = true
# environment
APPLICATION_INSIGHTS_NO_DIAGNOSTIC_CHANNEL = true
# automatic
*D = $(patsubst %/,%,$(dir $*))
# environment
PROGRAMFILES = C:\Program Files
# environment
MFLAGS = -pqrR
# default
.SHELLFLAGS := -c
# environment
!C: = c:\Users\thimo\OneDrive\Desktop\C++DEV\SDLgame
# environment
COMMONPROGRAMW6432 = C:\Program Files\Common Files
# automatic
+D = $(patsubst %/,%,$(dir $+))
# makefile (from 'Makefile', line 1)
MAKEFILE_LIST := Makefile
# automatic
@F = $(notdir $@)
# environment
VSCODE_VERBOSE_LOGGING = true
# environment
VSCODE_PID = 91508
# automatic
?D = $(patsubst %/,%,$(dir $?))
# environment
ONLINESERVICES = Online Services
# automatic
*F = $(notdir $*)
# automatic
<D = $(patsubst %/,%,$(dir $<))
# environment
VSCODE_NLS_CONFIG = {"locale":"fr","availableLanguages":{},"_languagePackSupport":true}
# environment
ONEDRIVECONSUMER = C:\Users\thimo\OneDrive
# default
MAKE_HOST := x86_64-pc-msys
# environment
PROGRAMDATA = C:\ProgramData
# default
SHELL := /bin/sh
# environment
HOMEPATH = \Users\thimo
# default
MAKECMDGOALS := all
# environment
DRIVERDATA = C:\Windows\System32\Drivers\DriverData
# environment
COMSPEC = C:\WINDOWS\system32\cmd.exe
# makefile (from 'Makefile', line 16)
USELIB = -lmingw32 -lSDL2main -lSDL2 -lSDL2_image -lSDL2_mixer -lSDL2_ttf 
# environment
WINDIR = C:\WINDOWS
# environment
MAKELEVEL := 0
# default
MAKE = $(MAKE_COMMAND)
# environment
PATH = /c/Program Files/Common Files/Oracle/Java/javapath:/c/Program Files (x86)/Common Files/Oracle/Java/javapath:/c/windows/system32:/c/windows:/c/windows/System32/Wbem:/c/windows/System32/WindowsPowerShell/v1.0:/c/windows/System32/OpenSSH:/c/Program Files (x86)/NVIDIA Corporation/PhysX/Common:/c/Program Files/NVIDIA Corporation/NVIDIA NvDLISR:/c/WINDOWS/system32:/c/WINDOWS:/c/WINDOWS/System32/Wbem:/c/WINDOWS/System32/WindowsPowerShell/v1.0:/c/WINDOWS/System32/OpenSSH:/c/Program Files/Git/cmd:/c/Program Files/Java/jdk-17.0.1/bin:/c/Users/thimo/AppData/Local/Programs/Python/Python39/Scripts:/c/Users/thimo/AppData/Local/Programs/Python/Python39:/c/Users/thimo/AppData/Local/Microsoft/WindowsApps:/c/PyCharm Community Edition 2020.3.3/bin:/c/Users/thimo/AppData/Local/Programs/Microsoft VS Code/bin:/mingw64/bin:/usr/bin:/c/Program Files/Git/bin:/c/Program Files/Java/jdk-17.0.1/bin
# makefile (from 'Makefile', line 17)
SDLINC = ../SDL2/x86_64-w64-mingw32/include
# environment
COMPUTERNAME = LAPTOP-6QU1QIM5
# default
MAKEFILES := 
# automatic
^F = $(notdir $^)
# environment
PROMPT = $P$G
# environment
LOGONSERVER = \\LAPTOP-6QU1QIM5
# environment
VSCODE_LOG_NATIVE = false
# environment
 
USERNAME = thimo
# environment
COMMONPROGRAMFILES = C:\Program Files\Common Files
# automatic
?F = $(notdir $?)
# makefile (from 'Makefile', line 12)
INC = include/
# environment
PROGRAMW6432 = C:\Program Files
# makefile (from 'Makefile', line 20)
NAME = bin/SteakOvergame.exe
# environment
PATHEXT = .COM;.EXE;.BAT;.CMD;.VBS;.VBE;.JS;.JSE;.WSF;.WSH;.MSC
# automatic
+F = $(notdir $+)
# environment
ORIGINAL_XDG_CURRENT_DESKTOP = undefined
# environment
USERDOMAIN = LAPTOP-6QU1QIM5
# 'override' directive
GNUMAKEFLAGS := 
# environment
OS = Windows_NT
# makefile
.DEFAULT_GOAL := all
# default
MAKE_VERSION := 4.3
# environment
PLATFORMCODE = KV
# environment
PROGRAMFILES(X86) = C:\Program Files (x86)
# environment
USERDOMAIN_ROAMINGPROFILE = LAPTOP-6QU1QIM5
# environment
NUMBER_OF_PROCESSORS = 16
# environment
PUBLIC = C:\Users\Public
# environment
APPDATA = C:\Users\thimo\AppData\Roaming
# makefile (from 'Makefile', line 15)
CFLAGS = -Wall -Werror -Wextra -O3
# environment
HOMEDRIVE = C:
# environment
PROCESSOR_ARCHITECTURE = AMD64
# environment
PYCHARM COMMUNITY EDITION = C:\PyCharm Community Edition 2020.3.3\bin;
# environment
VSCODE_AMD_ENTRYPOINT = vs/workbench/services/extensions/node/extensionHostProcess
# environment
HOME = /home/thimo
# environment
COMMONPROGRAMFILES(X86) = C:\Program Files (x86)\Common Files
# environment
ELECTRON_RUN_AS_NODE = 1
# environment
TEMP = /c/Users/thimo/AppData/Local/Temp
# environment
VSCODE_IPC_HOOK = \\.\pipe\cae4aff917936f135c2681683d1dcff2-1.61.2-main-sock
# environment
TERM = xterm-256color
# default
.RECIPEPREFIX := 
# automatic
<F = $(notdir $<)
# default
SUFFIXES := 
# environment
ALLUSERSPROFILE = C:\ProgramData
# environment
SESSIONNAME = Console
# environment
VSCODE_CLI = 1
# environment
ELECTRON_NO_ATTACH_CONSOLE = 1
# default
.FEATURES := target-specific order-only second-expansion else-if shortest-stem undefine oneshell nocomment grouped-target extra-prereqs archives jobserver output-sync check-symlink load
# environment
REGIONCODE = EMEA
# environment
PROCESSOR_REVISION = a502
# makefile (from 'Makefile', line 14)
CXX = g++
# makefile (from 'Makefile', line 18)
SDLLIB = ../SDL2/x86_64-w64-mingw32/lib
# environment
PROCESSOR_IDENTIFIER = Intel64 Family 6 Model 165 Stepping 2, GenuineIntel
# variable set hash-table stats:
 
# Load=110/1024=11%, Rehash=0, Collisions=20/142=14%

# Pattern-specific Variable Values

# No pattern-specific variable values.

# Directories

# src (device 3400437966, inode 6192449488275316): 23 files, no impossibilities so far.
# . (device 3400437966, inode 26740122787543029): 9 files, no impossibilities.

# 32 files, no impossibilities in 2 directories.

# Implicit Rules

%.o: %.cpp
#  recipe to execute (from 'Makefile', line 28):
	${CXX} -c ${CFLAGS} $< -I${SDLINC} -I${INC} -o $@

# 1 implicit rules, 0 (0.0%) terminal.
# Files

# Not a target:
src/TileMap.cpp:
#  Implicit rule search has been done.
#  Last modified 2021-10-21 11:50:43.8680812
#  File has been updated.
#  Successfully updated.

# Not a target:
src/init.cpp:
#  Implicit rule search has been done.
#  Last modified 2021-10-21 18:45:10.1138641
#  File has been updated.
#  Successfully updated.

src/Player.o: src/Player.cpp
#  Implicit rule search has been done.
#  Implicit/static pattern stem: 'src/Player'
#  Last modified 2021-10-31 18:24:13.1556959
#  File has been updated.
#  Successfully updated.
#  recipe to execute (from 'Makefile', line 28):
	${CXX} -c ${CFLAGS} $< -I${SDLINC} -I${INC} -o $@

src/PickMap.o: src/PickMap.cpp
#  Implicit rule search has been done.
#  Implicit/static pattern stem: 'src/PickMap'
#  Last modified 2021-10-31 18:24:15.0702891
#  File has been updated.
#  Successfully updated.
#  recipe to execute (from 'Makefile', line 28):
	${CXX} -c ${CFLAGS} $< -I${SDLINC} -I${INC} -o $@

src/init.o: src/init.cpp
#  Implicit rule search has been done.
#  Implicit/static pattern stem: 'src/init'
#  Last modified 2021-10-31 18:24:16.3613429
#  File has been updated.
#  Successfully updated.
#  recipe to execute (from 'Makefile', line 28):
	${CXX} -c ${CFLAGS} $< -I${SDLINC} -I${INC} -o $@

# Not a target:
src/tools.cpp:
#  Implicit rule search has been done.
#  Last modified 2021-10-27 19:48:21.9955986
#  File has been updated.
#  Successfully updated.

# Not a target:
Makefile:
#  Implicit rule search has been done.
#  Last modified 2021-10-30 16:52:25.7617275
#  File has been updated.
#  Successfully updated.

# Not a target:
src/main.cpp:
#  Implicit rule search has been done.
#  Last modified 2021-10-31 17:29:51.3315036
#  File has been updated.
#  Successfully updated.

clean:
#  Phony target (prerequisite of .PHONY).
#  Implicit rule search has not been done.
#  File does not exist.
#  File has not been updated.
#  recipe to execute (from 'Makefile', line 34):
	rm -f ${OBJ}

# Not a target:
src/PickMap.cpp:
#  Implicit rule search has been done.
#  Last modified 2021-10-21 11:52:36.6584087
#  File has been updated.
#  Successfully updated.

re: clean fclean bin/SteakOvergame.exe
#  Phony target (prerequisite of .PHONY).
#  Implicit rule search has not been done.
#  File does not exist.
#  File has not been updated.

src/EventWindow.o: src/EventWindow.cpp
#  Implicit rule search has been done.
#  Implicit/static pattern stem: 'src/EventWindow'
#  Last modified 2021-10-31 18:24:13.9979041
#  File has been updated.
#  Successfully updated.
#  recipe to execute (from 'Makefile', line 28):
	${CXX} -c ${CFLAGS} $< -I${SDLINC} -I${INC} -o $@

src/Pickable.o: src/Pickable.cpp
#  Implicit rule search has been done.
#  Implicit/static pattern stem: 'src/Pickable'
#  Last modified 2021-10-31 18:24:15.6113909
#  File has been updated.
#  Successfully updated.
#  recipe to execute (from 'Makefile', line 28):
	${CXX} -c ${CFLAGS} $< -I${SDLINC} -I${INC} -o $@

src/main.o: src/main.cpp
#  Implicit rule search has been done.
#  Implicit/static pattern stem: 'src/main'
#  Last modified 2021-10-31 18:24:10.2010254
#  File has been updated.
#  Successfully updated.
#  recipe to execute (from 'Makefile', line 28):
	${CXX} -c ${CFLAGS} $< -I${SDLINC} -I${INC} -o $@

bin/SteakOvergame.exe: src/main.o src/RenderWindow.o src/TileMap.o src/Player.o src/EventWindow.o src/tools.o src/PickMap.o src/Pickable.o src/init.o src/EntityManager.o
#  Implicit rule search has not been done.
#  Last modified 2021-10-31 18:25:05.5546095
#  File has been updated.
#  Successfully updated.
#  recipe to execute (from 'Makefile', line 25):
	${CXX} ${OBJ} -I${SDLINC} -I${INC} -L${SDLLIB} ${USELIB} -o ${NAME}

# Not a target:
.DEFAULT:
#  Implicit rule search has not been done.
#  Modification time never checked.
#  File has not been updated.

all: bin/SteakOvergame.exe
#  Phony target (prerequisite of .PHONY).
#  Command line target.
#  Implicit rule search has not been done.
#  File does not exist.
#  File has been updated.
#  Successfully updated.

 
fclean: clean
#  Phony target (prerequisite of .PHONY).
#  Implicit rule search has not been done.
#  File does not exist.
#  File has not been updated.
#  recipe to execute (from 'Makefile', line 37):
	rm -f ${NAME}

run: all
#  Phony target (prerequisite of .PHONY).
#  Implicit rule search has not been done.
#  File does not exist.
#  File has not been updated.
#  recipe to execute (from 'Makefile', line 31):
	cd bin ; ./SteakOvergame.exe ; cd ..

# Not a target:
src/EventWindow.cpp:
#  Implicit rule search has been done.
#  Last modified 2021-10-23 17:42:56.9406785
#  File has been updated.
#  Successfully updated.

src/tools.o: src/tools.cpp
#  Implicit rule search has been done.
#  Implicit/static pattern stem: 'src/tools'
#  Last modified 2021-10-31 18:24:14.1095049
#  File has been updated.
#  Successfully updated.
#  recipe to execute (from 'Makefile', line 28):
	${CXX} -c ${CFLAGS} $< -I${SDLINC} -I${INC} -o $@

# Not a target:
src/Player.cpp:
#  Implicit rule search has been done.
#  Last modified 2021-10-31 17:29:57.8717591
#  File has been updated.
#  Successfully updated.

src/EntityManager.o: src/EntityManager.cpp
#  Implicit rule search has been done.
#  Implicit/static pattern stem: 'src/EntityManager'
#  Last modified 2021-10-31 18:25:05.3934087
#  File has been updated.
#  Successfully updated.
#  recipe to execute (from 'Makefile', line 28):
	${CXX} -c ${CFLAGS} $< -I${SDLINC} -I${INC} -o $@

# Not a target:
src/RenderWindow.cpp:
#  Implicit rule search has been done.
#  Last modified 2021-10-31 17:29:52.2376953
#  File has been updated.
#  Successfully updated.

# Not a target:
src/EntityManager.cpp:
#  Implicit rule search has been done.
#  Last modified 2021-10-31 18:24:59.2965781
#  File has been updated.
#  Successfully updated.

src/RenderWindow.o: src/RenderWindow.cpp
#  Implicit rule search has been done.
#  Implicit/static pattern stem: 'src/RenderWindow'
#  Last modified 2021-10-31 18:24:11.2351846
#  File has been updated.
#  Successfully updated.
#  recipe to execute (from 'Makefile', line 28):
	${CXX} -c ${CFLAGS} $< -I${SDLINC} -I${INC} -o $@

.PHONY: clean fclean re all run
#  Implicit rule search has not been done.
#  Modification time never checked.
#  File has not been updated.

src/TileMap.o: src/TileMap.cpp
#  Implicit rule search has been done.
#  Implicit/static pattern stem: 'src/TileMap'
#  Last modified 2021-10-31 18:24:12.1939523
#  File has been updated.
#  Successfully updated.
#  recipe to execute (from 'Makefile', line 28):
	${CXX} -c ${CFLAGS} $< -I${SDLINC} -I${INC} -o $@

# Not a target:
src/Pickable.cpp:
#  Implicit rule search has been done.
#  Last modified 2021-10-21 18:44:33.1420358
#  File has been updated.
#  Successfully updated.

# files hash-table stats:
# Load=30/1024=3%, Rehash=0, Collisions=0/93=0%
# VPATH Search Paths

# No 'vpath' search paths.

# No general ('VPATH' variable) search path.

# strcache buffers: 1 (0) / strings = 71 / storage = 838 B / avg = 11 B
# current buf: size = 8162 B / used = 838 B / count = 71 / avg = 11 B

# strcache performance: lookups = 108 / hit rate = 34%
# hash-table stats:
# Load=71/8192=1%, Rehash=0, Collisions=0/108=0%
# Finished Make data base on Sun Oct 31 18:45:08 2021

 
